info it worked if it ends with ok
verbose cli [ 'node', '/usr/local/bin/npm', 'publish' ]
info using npm@1.0.22
info using node@v0.4.5
verbose config file /home/trostler/.npmrc
verbose config file /usr/local/etc/npmrc
verbose publish [ '.' ]
verbose cache add [ '.', undefined ]
silly testEngine { name: 'jute',
silly testEngine   description: 'Javascript Unit Test Environment',
silly testEngine   keywords: [ 'selenium', 'test', 'testing', 'unit', 'tests' ],
silly testEngine   version: '0.0.2',
silly testEngine   author: { name: 'Mark Ethan Trostler', email: 'mark@zzo.com' },
silly testEngine   bin: 
silly testEngine    { jute: './jute_backend.js',
silly testEngine      jute_submit_test: './submit_test.js',
silly testEngine      jute_v8: './jute_v8.js' },
silly testEngine   scripts: 
silly testEngine    { start: 'node ./jute_backend.js start',
silly testEngine      stop: 'node ./jute_backend.js stop' },
silly testEngine   engines: { node: '>= 0.4.0' },
silly testEngine   repository: { type: 'git', url: 'git://github.com/zzo/JUTE.git' },
silly testEngine   homepage: 'https://github.com/zzo/JUTE',
silly testEngine   dependencies: 
silly testEngine    { soda: '>= 0.2.4',
silly testEngine      'node-uuid': '>= 1.2.0',
silly testEngine      glob: '>= 2.0.7',
silly testEngine      connect: '>= 1.6.0',
silly testEngine      yui3: '>= 0.5.33',
silly testEngine      xmlhttprequest: '>= 1.2.2',
silly testEngine      jsdom: '',
silly testEngine      mime: '',
silly testEngine      daemon: '',
silly testEngine      optimist: '' },
silly testEngine   config: 
silly testEngine    { port: '8080',
silly testEngine      docRoot: '/var/www/',
silly testEngine      testDir: 'test/',
silly testEngine      outputDir: 'output/',
silly testEngine      java: '/usr/bin/java',
silly testEngine      logFile: '/tmp/jute.log',
silly testEngine      testRegex: '*.htm*' },
silly testEngine   _npmJsonOpts: 
silly testEngine    { file: 'package.json',
silly testEngine      wscript: false,
silly testEngine      contributors: false,
silly testEngine      serverjs: false },
silly testEngine   _id: 'jute@0.0.2',
silly testEngine   devDependencies: {},
silly testEngine   _engineSupported: true,
silly testEngine   _npmVersion: '1.0.22',
silly testEngine   _nodeVersion: 'v0.4.5',
silly testEngine   _defaultsLoaded: true,
silly testEngine   path: '/home/trostler/JUTE/backend/nodejute',
silly testEngine   bundleDependencies: [] }
verbose caching package.json
verbose loadDefaults jute@0.0.2
verbose pack /home/trostler/JUTE/backend/nodejute /tmp/npm-1312307105648/1312307105648-0.07557099498808384/tmp.tgz
verbose mkdir walkDirs /tmp
verbose mkdir walkDirs /tmp/npm-1312307105648
verbose mkdir (expected) error ENOENT, No such file or directory '/tmp/npm-1312307105648'
verbose mkdir walkDirs /tmp/npm-1312307105648/1312307105648-0.07557099498808384
verbose mkdir (expected) error ENOENT, No such file or directory '/tmp/npm-1312307105648/1312307105648-0.07557099498808384'
verbose mkdir done: /tmp/npm-1312307105648/1312307105648-0.07557099498808384 755
verbose mkdir'ed /tmp/npm-1312307105648/1312307105648-0.07557099498808384
verbose tar about to write tar and gzip it.
silly tar args [ '-cvf',
silly tar args   '-',
silly tar args   'nodejute/getConfig.js',
silly tar args   'nodejute/package.json',
silly tar args   'nodejute/jute_v8.js',
silly tar args   'nodejute/submit_test.js',
silly tar args   'nodejute/jute_backend.js',
silly tar args   'nodejute/examples/testToolbar.js',
silly tar args   'nodejute/examples/README.md',
silly tar args   'nodejute/examples/testToolbar.html',
silly tar args   'nodejute/examples/toolbar.js',
silly tar args   'nodejute/jute/yuitest-coverage.jar',
silly tar args   'nodejute/jute/server.js',
silly tar args   'nodejute/jute/actions.js',
silly tar args   'nodejute/jute/configure.js',
silly tar args   'nodejute/jute/actions/heartBeat.js',
silly tar args   'nodejute/jute/actions/runTest.js',
silly tar args   'nodejute/jute/actions/clearTests.js',
silly tar args   'nodejute/jute/actions/getTest.js',
silly tar args   'nodejute/jute/actions/runMultiple.js',
silly tar args   'nodejute/jute/actions/status.js',
silly tar args   'nodejute/jute/actions/pop.js',
silly tar args   'nodejute/jute/actions/yuitest-coverage-report.jar',
silly tar args   'nodejute/jute/actions/prune.js',
silly tar args   'nodejute/jute/actions/testReport.js',
silly tar args   'nodejute/jute/actions/clearResults.js',
silly tar args   'nodejute/jute/actions/startSelenium.js',
silly tar args   'nodejute/jute/actions/common.js',
silly tar args   'nodejute/jute/jute_docs/capture.html',
silly tar args   'nodejute/jute/jute_docs/run_tests.html',
silly tar args   'nodejute/jute/jute_docs/jute.js' ]
verbose success tar -cvf - <file list elided>
verbose success gzip "--stdout"
verbose mkdir walkDirs /tmp
verbose mkdir walkDirs /tmp/npm-1312307105648
verbose mkdir walkDirs /tmp/npm-1312307105648/1312307105648-0.07557099498808384
verbose mkdir walkDirs /tmp/npm-1312307105648/1312307105648-0.07557099498808384/contents
verbose mkdir (expected) error ENOENT, No such file or directory '/tmp/npm-1312307105648/1312307105648-0.07557099498808384/contents'
verbose mkdir walkDirs /tmp/npm-1312307105648/1312307105648-0.07557099498808384/contents/___package.npm
verbose mkdir (expected) error ENOENT, No such file or directory '/tmp/npm-1312307105648/1312307105648-0.07557099498808384/contents/___package.npm'
verbose mkdir done: /tmp/npm-1312307105648/1312307105648-0.07557099498808384/contents/___package.npm 755
verbose unpack_ uid, gid [ undefined, undefined ]
verbose unpackTarget /tmp/npm-1312307105648/1312307105648-0.07557099498808384/contents/package
silly gunzTarPerm modes [ '755', '644' ]
verbose success gzip "--decompress" "--stdout" "/tmp/npm-1312307105648/1312307105648-0.07557099498808384/tmp.tgz"
verbose success tar "-mvxpf" "-" "-o" "-C" "/tmp/npm-1312307105648/1312307105648-0.07557099498808384/contents/___package.npm"
silly asyncMap in gTP /tmp/npm-1312307105648/1312307105648-0.07557099498808384/contents/___package.npm/nodejute/
silly asyncMap in gTP /tmp/npm-1312307105648/1312307105648-0.07557099498808384/contents/___package.npm/nodejute/jute_backend.js
silly asyncMap in gTP /tmp/npm-1312307105648/1312307105648-0.07557099498808384/contents/___package.npm/nodejute/submit_test.js
silly asyncMap in gTP /tmp/npm-1312307105648/1312307105648-0.07557099498808384/contents/___package.npm/nodejute/jute_v8.js
silly asyncMap in gTP /tmp/npm-1312307105648/1312307105648-0.07557099498808384/contents/___package.npm/nodejute/package.json
silly asyncMap in gTP /tmp/npm-1312307105648/1312307105648-0.07557099498808384/contents/___package.npm/nodejute/getConfig.js
silly asyncMap in gTP /tmp/npm-1312307105648/1312307105648-0.07557099498808384/contents/___package.npm/nodejute/examples/
silly asyncMap in gTP /tmp/npm-1312307105648/1312307105648-0.07557099498808384/contents/___package.npm/nodejute/examples/toolbar.js
silly asyncMap in gTP /tmp/npm-1312307105648/1312307105648-0.07557099498808384/contents/___package.npm/nodejute/examples/testToolbar.html
silly asyncMap in gTP /tmp/npm-1312307105648/1312307105648-0.07557099498808384/contents/___package.npm/nodejute/examples/README.md
silly asyncMap in gTP /tmp/npm-1312307105648/1312307105648-0.07557099498808384/contents/___package.npm/nodejute/examples/testToolbar.js
silly asyncMap in gTP /tmp/npm-1312307105648/1312307105648-0.07557099498808384/contents/___package.npm/nodejute/jute/
silly asyncMap in gTP /tmp/npm-1312307105648/1312307105648-0.07557099498808384/contents/___package.npm/nodejute/jute/configure.js
silly asyncMap in gTP /tmp/npm-1312307105648/1312307105648-0.07557099498808384/contents/___package.npm/nodejute/jute/actions.js
silly asyncMap in gTP /tmp/npm-1312307105648/1312307105648-0.07557099498808384/contents/___package.npm/nodejute/jute/server.js
silly asyncMap in gTP /tmp/npm-1312307105648/1312307105648-0.07557099498808384/contents/___package.npm/nodejute/jute/yuitest-coverage.jar
silly asyncMap in gTP /tmp/npm-1312307105648/1312307105648-0.07557099498808384/contents/___package.npm/nodejute/jute/jute_docs/
silly asyncMap in gTP /tmp/npm-1312307105648/1312307105648-0.07557099498808384/contents/___package.npm/nodejute/jute/jute_docs/jute.js
silly asyncMap in gTP /tmp/npm-1312307105648/1312307105648-0.07557099498808384/contents/___package.npm/nodejute/jute/jute_docs/run_tests.html
silly asyncMap in gTP /tmp/npm-1312307105648/1312307105648-0.07557099498808384/contents/___package.npm/nodejute/jute/jute_docs/capture.html
silly asyncMap in gTP /tmp/npm-1312307105648/1312307105648-0.07557099498808384/contents/___package.npm/nodejute/jute/actions/
silly asyncMap in gTP /tmp/npm-1312307105648/1312307105648-0.07557099498808384/contents/___package.npm/nodejute/jute/actions/common.js
silly asyncMap in gTP /tmp/npm-1312307105648/1312307105648-0.07557099498808384/contents/___package.npm/nodejute/jute/actions/startSelenium.js
silly asyncMap in gTP /tmp/npm-1312307105648/1312307105648-0.07557099498808384/contents/___package.npm/nodejute/jute/actions/clearResults.js
silly asyncMap in gTP /tmp/npm-1312307105648/1312307105648-0.07557099498808384/contents/___package.npm/nodejute/jute/actions/testReport.js
silly asyncMap in gTP /tmp/npm-1312307105648/1312307105648-0.07557099498808384/contents/___package.npm/nodejute/jute/actions/prune.js
silly asyncMap in gTP /tmp/npm-1312307105648/1312307105648-0.07557099498808384/contents/___package.npm/nodejute/jute/actions/yuitest-coverage-report.jar
silly asyncMap in gTP /tmp/npm-1312307105648/1312307105648-0.07557099498808384/contents/___package.npm/nodejute/jute/actions/pop.js
silly asyncMap in gTP /tmp/npm-1312307105648/1312307105648-0.07557099498808384/contents/___package.npm/nodejute/jute/actions/status.js
silly asyncMap in gTP /tmp/npm-1312307105648/1312307105648-0.07557099498808384/contents/___package.npm/nodejute/jute/actions/runMultiple.js
silly asyncMap in gTP /tmp/npm-1312307105648/1312307105648-0.07557099498808384/contents/___package.npm/nodejute/jute/actions/getTest.js
silly asyncMap in gTP /tmp/npm-1312307105648/1312307105648-0.07557099498808384/contents/___package.npm/nodejute/jute/actions/clearTests.js
silly asyncMap in gTP /tmp/npm-1312307105648/1312307105648-0.07557099498808384/contents/___package.npm/nodejute/jute/actions/runTest.js
silly asyncMap in gTP /tmp/npm-1312307105648/1312307105648-0.07557099498808384/contents/___package.npm/nodejute/jute/actions/heartBeat.js
verbose gunzed /tmp/npm-1312307105648/1312307105648-0.07557099498808384/contents/___package.npm/nodejute
verbose rm'ed /tmp/npm-1312307105648/1312307105648-0.07557099498808384/contents/package
verbose renamed [ '/tmp/npm-1312307105648/1312307105648-0.07557099498808384/contents/___package.npm/nodejute',
verbose renamed   '/tmp/npm-1312307105648/1312307105648-0.07557099498808384/contents/package' ]
silly testEngine { name: 'jute',
silly testEngine   description: 'Javascript Unit Test Environment',
silly testEngine   keywords: [ 'selenium', 'test', 'testing', 'unit', 'tests' ],
silly testEngine   version: '0.0.2',
silly testEngine   author: { name: 'Mark Ethan Trostler', email: 'mark@zzo.com' },
silly testEngine   bin: 
silly testEngine    { jute: './jute_backend.js',
silly testEngine      jute_submit_test: './submit_test.js',
silly testEngine      jute_v8: './jute_v8.js' },
silly testEngine   scripts: 
silly testEngine    { start: 'node ./jute_backend.js start',
silly testEngine      stop: 'node ./jute_backend.js stop' },
silly testEngine   engines: { node: '>= 0.4.0' },
silly testEngine   repository: { type: 'git', url: 'git://github.com/zzo/JUTE.git' },
silly testEngine   homepage: 'https://github.com/zzo/JUTE',
silly testEngine   dependencies: 
silly testEngine    { soda: '>= 0.2.4',
silly testEngine      'node-uuid': '>= 1.2.0',
silly testEngine      glob: '>= 2.0.7',
silly testEngine      connect: '>= 1.6.0',
silly testEngine      yui3: '>= 0.5.33',
silly testEngine      xmlhttprequest: '>= 1.2.2',
silly testEngine      jsdom: '',
silly testEngine      mime: '',
silly testEngine      daemon: '',
silly testEngine      optimist: '' },
silly testEngine   config: 
silly testEngine    { port: '8080',
silly testEngine      docRoot: '/var/www/',
silly testEngine      testDir: 'test/',
silly testEngine      outputDir: 'output/',
silly testEngine      java: '/usr/bin/java',
silly testEngine      logFile: '/tmp/jute.log',
silly testEngine      testRegex: '*.htm*' },
silly testEngine   _npmJsonOpts: 
silly testEngine    { file: '/tmp/npm-1312307105648/1312307105648-0.07557099498808384/contents/package/package.json',
silly testEngine      wscript: false,
silly testEngine      contributors: false,
silly testEngine      serverjs: false },
silly testEngine   _id: 'jute@0.0.2',
silly testEngine   devDependencies: {},
silly testEngine   _engineSupported: true,
silly testEngine   _npmVersion: '1.0.22',
silly testEngine   _nodeVersion: 'v0.4.5',
silly testEngine   _defaultsLoaded: true,
silly testEngine   path: '/tmp/npm-1312307105648/1312307105648-0.07557099498808384/contents/package' }
verbose caching /tmp/npm-1312307105648/1312307105648-0.07557099498808384/contents/package/package.json
verbose loadDefaults jute@0.0.2
verbose tarball contents [ 'package' ]
verbose from cache /tmp/npm-1312307105648/1312307105648-0.07557099498808384/contents/package/package.json
verbose pack /tmp/npm-1312307105648/1312307105648-0.07557099498808384/contents/package /home/trostler/.npm/jute/0.0.2/package.tgz
verbose mkdir'ed /home/trostler/.npm/jute/0.0.2
verbose tar about to write tar and gzip it.
silly tar args [ '-cvf',
silly tar args   '-',
silly tar args   'package/jute_backend.js',
silly tar args   'package/submit_test.js',
silly tar args   'package/jute_v8.js',
silly tar args   'package/package.json',
silly tar args   'package/getConfig.js',
silly tar args   'package/examples/toolbar.js',
silly tar args   'package/examples/testToolbar.html',
silly tar args   'package/examples/README.md',
silly tar args   'package/examples/testToolbar.js',
silly tar args   'package/jute/configure.js',
silly tar args   'package/jute/actions.js',
silly tar args   'package/jute/server.js',
silly tar args   'package/jute/yuitest-coverage.jar',
silly tar args   'package/jute/jute_docs/jute.js',
silly tar args   'package/jute/jute_docs/run_tests.html',
silly tar args   'package/jute/jute_docs/capture.html',
silly tar args   'package/jute/actions/common.js',
silly tar args   'package/jute/actions/startSelenium.js',
silly tar args   'package/jute/actions/clearResults.js',
silly tar args   'package/jute/actions/testReport.js',
silly tar args   'package/jute/actions/prune.js',
silly tar args   'package/jute/actions/yuitest-coverage-report.jar',
silly tar args   'package/jute/actions/pop.js',
silly tar args   'package/jute/actions/status.js',
silly tar args   'package/jute/actions/runMultiple.js',
silly tar args   'package/jute/actions/getTest.js',
silly tar args   'package/jute/actions/clearTests.js',
silly tar args   'package/jute/actions/runTest.js',
silly tar args   'package/jute/actions/heartBeat.js' ]
verbose success tar -cvf - <file list elided>
verbose success gzip "--stdout"
verbose mkdir walkDirs /home
verbose mkdir walkDirs /home/trostler
verbose mkdir walkDirs /home/trostler/.npm
verbose mkdir walkDirs /home/trostler/.npm/jute
verbose mkdir walkDirs /home/trostler/.npm/jute/0.0.2
verbose mkdir walkDirs /home/trostler/.npm/jute/0.0.2/___package.npm
verbose mkdir (expected) error ENOENT, No such file or directory '/home/trostler/.npm/jute/0.0.2/___package.npm'
verbose mkdir done: /home/trostler/.npm/jute/0.0.2/___package.npm 755
verbose unpack_ uid, gid [ undefined, undefined ]
verbose unpackTarget /home/trostler/.npm/jute/0.0.2/package
silly gunzTarPerm modes [ '755', '644' ]
verbose success gzip "--decompress" "--stdout" "/home/trostler/.npm/jute/0.0.2/package.tgz"
verbose success tar "-mvxpf" "-" "-o" "-C" "/home/trostler/.npm/jute/0.0.2/___package.npm"
silly asyncMap in gTP /home/trostler/.npm/jute/0.0.2/___package.npm/package/
silly asyncMap in gTP /home/trostler/.npm/jute/0.0.2/___package.npm/package/getConfig.js
silly asyncMap in gTP /home/trostler/.npm/jute/0.0.2/___package.npm/package/package.json
silly asyncMap in gTP /home/trostler/.npm/jute/0.0.2/___package.npm/package/jute_v8.js
silly asyncMap in gTP /home/trostler/.npm/jute/0.0.2/___package.npm/package/submit_test.js
silly asyncMap in gTP /home/trostler/.npm/jute/0.0.2/___package.npm/package/jute_backend.js
silly asyncMap in gTP /home/trostler/.npm/jute/0.0.2/___package.npm/package/examples/
silly asyncMap in gTP /home/trostler/.npm/jute/0.0.2/___package.npm/package/examples/testToolbar.js
silly asyncMap in gTP /home/trostler/.npm/jute/0.0.2/___package.npm/package/examples/README.md
silly asyncMap in gTP /home/trostler/.npm/jute/0.0.2/___package.npm/package/examples/testToolbar.html
silly asyncMap in gTP /home/trostler/.npm/jute/0.0.2/___package.npm/package/examples/toolbar.js
silly asyncMap in gTP /home/trostler/.npm/jute/0.0.2/___package.npm/package/jute/
silly asyncMap in gTP /home/trostler/.npm/jute/0.0.2/___package.npm/package/jute/yuitest-coverage.jar
silly asyncMap in gTP /home/trostler/.npm/jute/0.0.2/___package.npm/package/jute/server.js
silly asyncMap in gTP /home/trostler/.npm/jute/0.0.2/___package.npm/package/jute/actions.js
silly asyncMap in gTP /home/trostler/.npm/jute/0.0.2/___package.npm/package/jute/configure.js
silly asyncMap in gTP /home/trostler/.npm/jute/0.0.2/___package.npm/package/jute/actions/
silly asyncMap in gTP /home/trostler/.npm/jute/0.0.2/___package.npm/package/jute/actions/heartBeat.js
silly asyncMap in gTP /home/trostler/.npm/jute/0.0.2/___package.npm/package/jute/actions/runTest.js
silly asyncMap in gTP /home/trostler/.npm/jute/0.0.2/___package.npm/package/jute/actions/clearTests.js
silly asyncMap in gTP /home/trostler/.npm/jute/0.0.2/___package.npm/package/jute/actions/getTest.js
silly asyncMap in gTP /home/trostler/.npm/jute/0.0.2/___package.npm/package/jute/actions/runMultiple.js
silly asyncMap in gTP /home/trostler/.npm/jute/0.0.2/___package.npm/package/jute/actions/status.js
silly asyncMap in gTP /home/trostler/.npm/jute/0.0.2/___package.npm/package/jute/actions/pop.js
silly asyncMap in gTP /home/trostler/.npm/jute/0.0.2/___package.npm/package/jute/actions/yuitest-coverage-report.jar
silly asyncMap in gTP /home/trostler/.npm/jute/0.0.2/___package.npm/package/jute/actions/prune.js
silly asyncMap in gTP /home/trostler/.npm/jute/0.0.2/___package.npm/package/jute/actions/testReport.js
silly asyncMap in gTP /home/trostler/.npm/jute/0.0.2/___package.npm/package/jute/actions/clearResults.js
silly asyncMap in gTP /home/trostler/.npm/jute/0.0.2/___package.npm/package/jute/actions/startSelenium.js
silly asyncMap in gTP /home/trostler/.npm/jute/0.0.2/___package.npm/package/jute/actions/common.js
silly asyncMap in gTP /home/trostler/.npm/jute/0.0.2/___package.npm/package/jute/jute_docs/
silly asyncMap in gTP /home/trostler/.npm/jute/0.0.2/___package.npm/package/jute/jute_docs/capture.html
silly asyncMap in gTP /home/trostler/.npm/jute/0.0.2/___package.npm/package/jute/jute_docs/run_tests.html
silly asyncMap in gTP /home/trostler/.npm/jute/0.0.2/___package.npm/package/jute/jute_docs/jute.js
verbose gunzed /home/trostler/.npm/jute/0.0.2/___package.npm/package
verbose rm'ed /home/trostler/.npm/jute/0.0.2/package
verbose renamed [ '/home/trostler/.npm/jute/0.0.2/___package.npm/package',
verbose renamed   '/home/trostler/.npm/jute/0.0.2/package' ]
silly testEngine { name: 'jute',
silly testEngine   description: 'Javascript Unit Test Environment',
silly testEngine   keywords: [ 'selenium', 'test', 'testing', 'unit', 'tests' ],
silly testEngine   version: '0.0.2',
silly testEngine   author: { name: 'Mark Ethan Trostler', email: 'mark@zzo.com' },
silly testEngine   bin: 
silly testEngine    { jute: './jute_backend.js',
silly testEngine      jute_submit_test: './submit_test.js',
silly testEngine      jute_v8: './jute_v8.js' },
silly testEngine   scripts: 
silly testEngine    { start: 'node ./jute_backend.js start',
silly testEngine      stop: 'node ./jute_backend.js stop' },
silly testEngine   engines: { node: '>= 0.4.0' },
silly testEngine   repository: { type: 'git', url: 'git://github.com/zzo/JUTE.git' },
silly testEngine   homepage: 'https://github.com/zzo/JUTE',
silly testEngine   dependencies: 
silly testEngine    { soda: '>= 0.2.4',
silly testEngine      'node-uuid': '>= 1.2.0',
silly testEngine      glob: '>= 2.0.7',
silly testEngine      connect: '>= 1.6.0',
silly testEngine      yui3: '>= 0.5.33',
silly testEngine      xmlhttprequest: '>= 1.2.2',
silly testEngine      jsdom: '',
silly testEngine      mime: '',
silly testEngine      daemon: '',
silly testEngine      optimist: '' },
silly testEngine   config: 
silly testEngine    { port: '8080',
silly testEngine      docRoot: '/var/www/',
silly testEngine      testDir: 'test/',
silly testEngine      outputDir: 'output/',
silly testEngine      java: '/usr/bin/java',
silly testEngine      logFile: '/tmp/jute.log',
silly testEngine      testRegex: '*.htm*' },
silly testEngine   _npmJsonOpts: 
silly testEngine    { file: '/home/trostler/.npm/jute/0.0.2/package/package.json',
silly testEngine      wscript: false,
silly testEngine      contributors: false,
silly testEngine      serverjs: false },
silly testEngine   _id: 'jute@0.0.2',
silly testEngine   devDependencies: {},
silly testEngine   _engineSupported: true,
silly testEngine   _npmVersion: '1.0.22',
silly testEngine   _nodeVersion: 'v0.4.5',
silly testEngine   _defaultsLoaded: true,
silly testEngine   dist: 
silly testEngine    { shasum: '885360d6523b6919da03fe47b1f3eb0d40cfd36f',
silly testEngine      tarball: 'http://registry.npmjs.org/jute/-/jute-0.0.2.tgz' } }
verbose caching /home/trostler/.npm/jute/0.0.2/package/package.json
verbose loadDefaults jute@0.0.2
silly updated sha bytes 40960
silly updated sha bytes 40960
silly updated sha bytes 40960
silly updated sha bytes 40960
silly updated sha bytes 40960
silly updated sha bytes 40960
silly updated sha bytes 40960
silly updated sha bytes 40960
silly updated sha bytes 40960
silly updated sha bytes 40960
silly updated sha bytes 40960
silly updated sha bytes 40960
silly updated sha bytes 40960
silly updated sha bytes 40960
silly updated sha bytes 40960
silly updated sha bytes 40960
silly updated sha bytes 40960
silly updated sha bytes 40960
silly updated sha bytes 40960
silly updated sha bytes 40960
silly updated sha bytes 40960
silly updated sha bytes 40960
silly updated sha bytes 40960
silly updated sha bytes 40960
silly updated sha bytes 40960
silly updated sha bytes 40960
silly updated sha bytes 40960
silly updated sha bytes 40960
silly updated sha bytes 40960
silly updated sha bytes 40960
silly updated sha bytes 40960
silly updated sha bytes 40960
silly updated sha bytes 40960
silly updated sha bytes 40960
silly updated sha bytes 40960
silly updated sha bytes 40960
silly updated sha bytes 40960
silly updated sha bytes 40960
silly updated sha bytes 40960
silly updated sha bytes 15405
info shasum 885360d6523b6919da03fe47b1f3eb0d40cfd36f
info shasum /home/trostler/.npm/jute/0.0.2/package.tgz
verbose from cache /home/trostler/.npm/jute/0.0.2/package/package.json
verbose chmod /home/trostler/.npm/jute/0.0.2/package.tgz 644
silly publish { name: 'jute',
silly publish   description: 'Javascript Unit Test Environment',
silly publish   keywords: [ 'selenium', 'test', 'testing', 'unit', 'tests' ],
silly publish   version: '0.0.2',
silly publish   author: { name: 'Mark Ethan Trostler', email: 'mark@zzo.com' },
silly publish   bin: 
silly publish    { jute: './jute_backend.js',
silly publish      jute_submit_test: './submit_test.js',
silly publish      jute_v8: './jute_v8.js' },
silly publish   scripts: 
silly publish    { start: 'node ./jute_backend.js start',
silly publish      stop: 'node ./jute_backend.js stop' },
silly publish   engines: { node: '>= 0.4.0' },
silly publish   repository: { type: 'git', url: 'git://github.com/zzo/JUTE.git' },
silly publish   homepage: 'https://github.com/zzo/JUTE',
silly publish   dependencies: 
silly publish    { soda: '>= 0.2.4',
silly publish      'node-uuid': '>= 1.2.0',
silly publish      glob: '>= 2.0.7',
silly publish      connect: '>= 1.6.0',
silly publish      yui3: '>= 0.5.33',
silly publish      xmlhttprequest: '>= 1.2.2',
silly publish      jsdom: '',
silly publish      mime: '',
silly publish      daemon: '',
silly publish      optimist: '' },
silly publish   config: 
silly publish    { port: '8080',
silly publish      docRoot: '/var/www/',
silly publish      testDir: 'test/',
silly publish      outputDir: 'output/',
silly publish      java: '/usr/bin/java',
silly publish      logFile: '/tmp/jute.log',
silly publish      testRegex: '*.htm*' },
silly publish   _npmJsonOpts: 
silly publish    { file: '/home/trostler/.npm/jute/0.0.2/package/package.json',
silly publish      wscript: false,
silly publish      contributors: false,
silly publish      serverjs: false },
silly publish   _id: 'jute@0.0.2',
silly publish   devDependencies: {},
silly publish   _engineSupported: true,
silly publish   _npmVersion: '1.0.22',
silly publish   _nodeVersion: 'v0.4.5',
silly publish   _defaultsLoaded: true,
silly publish   dist: 
silly publish    { shasum: '885360d6523b6919da03fe47b1f3eb0d40cfd36f',
silly publish      tarball: 'http://registry.npmjs.org/jute/-/jute-0.0.2.tgz' } }
info prepublish jute@0.0.2
verbose PUT jute
verbose raw, before any munging jute
verbose url resolving [ 'http://registry.npmjs.org/', './jute' ]
verbose url resolved http://registry.npmjs.org/jute
verbose url parsed { protocol: 'http:',
verbose url parsed   slashes: true,
verbose url parsed   host: 'registry.npmjs.org',
verbose url parsed   hostname: 'registry.npmjs.org',
verbose url parsed   pathname: '/jute',
verbose url parsed   href: 'http://registry.npmjs.org/jute' }
WARN Sending authorization over insecure channel.
silly writing json { _id: 'jute',
silly writing json   name: 'jute',
silly writing json   description: 'Javascript Unit Test Environment',
silly writing json   'dist-tags': {},
silly writing json   versions: {},
silly writing json   maintainers: [ { name: 'zzo', email: 'mark@zzo.com' } ] }
verbose response http://registry.npmjs.org/jute
silly chunk {"error":"conflict","reason":"Document update conflict."}
silly chunk 
verbose GET jute
verbose raw, before any munging jute
verbose url resolving [ 'http://registry.npmjs.org/', './jute' ]
verbose url resolved http://registry.npmjs.org/jute
verbose url parsed { protocol: 'http:',
verbose url parsed   slashes: true,
verbose url parsed   host: 'registry.npmjs.org',
verbose url parsed   hostname: 'registry.npmjs.org',
verbose url parsed   pathname: '/jute',
verbose url parsed   href: 'http://registry.npmjs.org/jute' }
verbose response http://registry.npmjs.org/jute
silly chunk {"_id":"jute","_rev":"5-4e4fc06c95a9761f6a70fbe855af3477","name":"jute","description":"Javascript Unit Test Environment","dist-tags":{"latest":"0.0.2"},"versions":{"0.0.1":{"name":"jute","description":"Javascript Unit Test Environment","keywords":["selenium","test","testing","unit","tests"],"version":"0.0.1","author":{"name":"Mark Ethan Trostler","email":"mark@zzo.com"},"bin":{"jute":"./jute_backend.js","jute_submit_test":"./submit_test.js"},"scripts":{"start":"node ./jute_backend.js","stop":"kill `cat /tmp/jute.pid` && unlink /tmp/jute.pid","install":"npm install glob"},"engines":{"node":">= 0.4.0"},"repository":{"type":"git","url":"git://github.com/zzo/JUTE.git"},"homepage":"https://github.com/zzo/JUTE","dependencies":{"soda":"0.2.4","node-uuid":"1.2.0","glob":"2.0.7","connect":"1.6.0","mime":"","daemon":"","optimist":""},"config":{"port":"8080","docRoot":"/var/www/","jutebase":"jutebase/","testDir":"test/","outputDir":"output/","java":"/usr/bin/java","logFile":"/tmp/jute.log","testRegex":"*.htm*"},"_npmJsonOpts":{"file":"/home/trostler/.npm/jute/0.0.1/package/package.json","wscript":false,"contributors":false,"serverjs":false},"_id":"jute@0.0.1","devDependencies":{},"_engineSupported":true,"_npmVersion":"1.0.22","_nodeVersion":"v0.4.5","_defaultsLoaded":true,"dist":{"shasum":"4af0f5aa75be1665629a5ac260697077ab075aa6","tarball":"http://registry.npmjs.org/jute/-/jute-0.0.1.tgz"},"directories":{}},"0.0.2":{"name":"jute","description":"J
silly chunk avascript Unit Test Environment","keywords":["selenium","test","testing","unit","tests"],"version":"0.0.2","author":{"name":"Mark Ethan Trostler","email":"mark@zzo.com"},"bin":{"jute":"./jute_backend.js","jute_submit_test":"./submit_test.js","jute_v8":"./jute_v8.js"},"scripts":{"start":"node ./jute_backend.js start","stop":"node ./jute_backend.js stop"},"engines":{"node":">= 0.4.0"},"repository":{"type":"git","url":"git://github.com/zzo/JUTE.git"},"homepage":"https://github.com/zzo/JUTE","dependencies":{"soda":">= 0.2.4","node-uuid":">= 1.2.0","glob":">= 2.0.7","connect":">= 1.6.0","yui3":">= 0.5.33","xmlhttprequest":">= 1.2.2","jsdom":"","mime":"","daemon":"","optimist":""},"config":{"port":"8080","docRoot":"/var/www/","testDir":"test/","outputDir":"output/","java":"/usr/bin/java","logFile":"/tmp/jute.log","testRegex":"*.htm*"},"_npmJsonOpts":{"file":"/home/trostler/.npm/jute/0.0.2/package/package.json","wscript":false,"contributors":false,"serverjs":false},"_id":"jute@0.0.2","devDependencies":{},"_engineSupported":true,"_npmVersion":"1.0.22","_nodeVersion":"v0.4.5","_defaultsLoaded":true,"dist":{"shasum":"0e1c842759643ce90a6239de77cd651e37779348","tarball":"http://registry.npmjs.org/jute/-/jute-0.0.2.tgz"},"maintainers":[{"name":"zzo","email":"mark@zzo.com"}],"directories":{}}},"maintainers":[{"name":"zzo","email":"mark@zzo.com"}],"time":{"0.0.1":"2011-08-01T06:16:56.806Z","0.0.2":"2011-08-02T17:24:15.273Z"},"author":{"name":"Mark Ethan Trostler","email":"mark@zzo.com"},"repository":{"type":"git","url":"git://github.com/zzo/JUTE.git"}}
info Already published jute@0.0.2
verbose uploading bin dists []
ERR! publish fail Cannot publish over existing version.
ERR! publish fail Bump the 'version' field, set the --force flag, or
ERR! publish fail     npm unpublish 'jute@0.0.2'
ERR! publish fail and try again
ERR! 
ERR! System Linux 2.6.38.8-vs2.3.0.37-rc17+
ERR! command "node" "/usr/local/bin/npm" "publish"
ERR! cwd /home/trostler/JUTE/backend/nodejute
ERR! node -v v0.4.5
ERR! npm -v 1.0.22
verbose exit [ 1, true ]
